<?xml version="1.0" encoding="UTF-8"?>
<testng-results ignored="0" total="1" passed="1" failed="0" skipped="0">
  <reporter-output>
  </reporter-output>
  <suite started-at="2023-07-28T09:45:48 IST" name="Default suite" finished-at="2023-07-28T09:46:43 IST" duration-ms="55420">
    <groups>
    </groups>
    <test started-at="2023-07-28T09:45:48 IST" name="Default test" finished-at="2023-07-28T09:46:43 IST" duration-ms="55420">
      <class name="com.priceComparator.testscript.PriceComparator">
        <test-method is-config="true" signature="configBeforeMethod()[pri:0, instance:com.priceComparator.testscript.PriceComparator@5f8890c2]" started-at="2023-07-28T09:45:48 IST" name="configBeforeMethod" finished-at="2023-07-28T09:46:13 IST" duration-ms="25245" status="PASS">
          <reporter-output>
          </reporter-output>
        </test-method> <!-- configBeforeMethod -->
        <test-method signature="testDemo()[pri:0, instance:com.priceComparator.testscript.PriceComparator@5f8890c2]" started-at="2023-07-28T09:46:13 IST" name="testDemo" finished-at="2023-07-28T09:46:42 IST" duration-ms="29516" status="PASS">
          <reporter-output>
          </reporter-output>
        </test-method> <!-- testDemo -->
        <test-method is-config="true" signature="configAfterMethod()[pri:0, instance:com.priceComparator.testscript.PriceComparator@5f8890c2]" started-at="2023-07-28T09:46:42 IST" name="configAfterMethod" finished-at="2023-07-28T09:46:43 IST" duration-ms="622" status="PASS">
          <reporter-output>
          </reporter-output>
        </test-method> <!-- configAfterMethod -->
      </class> <!-- com.priceComparator.testscript.PriceComparator -->
    </test> <!-- Default test -->
  </suite> <!-- Default suite -->
</testng-results>
